<?xml version="1.0" encoding="UTF-8"?>
<!-- Generated by org.testng.reporters.JUnitReportReporter -->
<testsuite hostname="Unkown" failures="0" tests="5" name="amgTCs.AmazonTCs" time="120.206" errors="0" timestamp="2022-12-18T10:42:21 IST" skipped="0">
  <testcase classname="amgTCs.AmazonTCs" name="printSearchResult" time="9.160"/>
  <testcase classname="amgTCs.AmazonTCs" name="goToAmazon" time="39.907"/>
  <testcase classname="amgTCs.AmazonTCs" name="priceRange" time="12.972"/>
  <testcase classname="amgTCs.AmazonTCs" name="printfiveStarRating" time="2.013"/>
  <testcase classname="amgTCs.AmazonTCs" name="clickOnFirtsFive" time="56.154"/>
</testsuite> <!-- amgTCs.AmazonTCs -->
