<?xml version="1.0" encoding="UTF-8"?>
<!-- Generated by org.testng.reporters.JUnitReportReporter -->
<testsuite hostname="Unkown" failures="0" tests="5" name="amgTCs.AmazonTCs" time="110.826" errors="0" timestamp="2022-12-18T12:13:38 IST" skipped="0">
  <testcase classname="amgTCs.AmazonTCs" name="printSearchResult" time="8.590"/>
  <testcase classname="amgTCs.AmazonTCs" name="goToAmazon" time="25.515"/>
  <testcase classname="amgTCs.AmazonTCs" name="priceRange" time="12.420"/>
  <testcase classname="amgTCs.AmazonTCs" name="printfiveStarRating" time="23.427"/>
  <testcase classname="amgTCs.AmazonTCs" name="clickOnFirtsFive" time="40.874"/>
</testsuite> <!-- amgTCs.AmazonTCs -->
